[2014-06-02 21:11:54] request.ERROR: Uncaught PHP Exception Symfony\Component\HttpKernel\Exception\NotFoundHttpException: "No route found for "GET /hello"" at D:\xampp\htdocs\angular-symfony\vendor\symfony\symfony\src\Symfony\Component\HttpKernel\EventListener\RouterListener.php line 94 [] []
[2014-06-02 21:30:25] event.DEBUG: Notified event "kernel.request" to listener "Symfony\Component\HttpKernel\EventListener\ProfilerListener::onKernelRequest". [] []
[2014-06-02 21:30:25] event.DEBUG: Notified event "kernel.request" to listener "Symfony\Bundle\FrameworkBundle\EventListener\SessionListener::onKernelRequest". [] []
[2014-06-02 21:30:25] event.DEBUG: Notified event "kernel.request" to listener "Symfony\Component\HttpKernel\EventListener\FragmentListener::onKernelRequest". [] []
[2014-06-02 21:30:25] event.DEBUG: Notified event "kernel.request" to listener "Symfony\Component\HttpKernel\EventListener\RouterListener::onKernelRequest". [] []
[2014-06-02 21:30:25] event.DEBUG: Notified event "kernel.exception" to listener "Symfony\Component\HttpKernel\EventListener\ProfilerListener::onKernelException". [] []
[2014-06-02 21:30:25] event.DEBUG: Notified event "kernel.exception" to listener "Symfony\Component\HttpKernel\EventListener\ExceptionListener::onKernelException". [] []
[2014-06-02 21:30:25] request.ERROR: Uncaught PHP Exception Symfony\Component\HttpKernel\Exception\NotFoundHttpException: "No route found for "GET /vic/"" at D:\xampp\htdocs\angular-symfony\app\cache\prod\classes.php line 3680 [] []
[2014-06-02 21:30:25] event.DEBUG: Notified event "kernel.request" to listener "closure". [] []
[2014-06-02 21:30:25] event.DEBUG: Notified event "kernel.request" to listener "Symfony\Component\HttpKernel\EventListener\ProfilerListener::onKernelRequest". [] []
[2014-06-02 21:30:25] event.DEBUG: Notified event "kernel.request" to listener "closure". [] []
[2014-06-02 21:30:25] event.DEBUG: Notified event "kernel.request" to listener "Symfony\Bundle\FrameworkBundle\EventListener\SessionListener::onKernelRequest". [] []
[2014-06-02 21:30:25] event.DEBUG: Notified event "kernel.request" to listener "closure". [] []
[2014-06-02 21:30:25] event.DEBUG: Notified event "kernel.request" to listener "Symfony\Component\HttpKernel\EventListener\FragmentListener::onKernelRequest". [] []
[2014-06-02 21:30:25] event.DEBUG: Notified event "kernel.request" to listener "closure". [] []
[2014-06-02 21:30:25] event.DEBUG: Notified event "kernel.request" to listener "Symfony\Component\HttpKernel\EventListener\RouterListener::onKernelRequest". [] []
[2014-06-02 21:30:25] event.DEBUG: Notified event "kernel.request" to listener "closure". [] []
[2014-06-02 21:30:25] event.DEBUG: Notified event "kernel.request" to listener "Symfony\Component\HttpKernel\EventListener\LocaleListener::onKernelRequest". [] []
[2014-06-02 21:30:25] event.DEBUG: Notified event "kernel.request" to listener "closure". [] []
[2014-06-02 21:30:25] event.DEBUG: Notified event "kernel.request" to listener "Symfony\Component\Security\Http\Firewall::onKernelRequest". [] []
[2014-06-02 21:30:25] event.DEBUG: Notified event "kernel.request" to listener "closure". [] []
[2014-06-02 21:30:25] event.DEBUG: Notified event "kernel.request" to listener "Symfony\Component\HttpKernel\Fragment\FragmentHandler::onKernelRequest". [] []
[2014-06-02 21:30:25] event.DEBUG: Notified event "kernel.request" to listener "closure". [] []
[2014-06-02 21:30:25] event.DEBUG: Notified event "kernel.request" to listener "Symfony\Component\HttpKernel\EventListener\DeprecationLoggerListener::injectLogger". [] []
[2014-06-02 21:30:25] event.DEBUG: Notified event "kernel.controller" to listener "Symfony\Bundle\FrameworkBundle\DataCollector\RouterDataCollector::onKernelController". [] []
[2014-06-02 21:30:25] event.DEBUG: Notified event "kernel.controller" to listener "Sensio\Bundle\FrameworkExtraBundle\EventListener\ControllerListener::onKernelController". [] []
[2014-06-02 21:30:25] event.DEBUG: Notified event "kernel.controller" to listener "Sensio\Bundle\FrameworkExtraBundle\EventListener\ParamConverterListener::onKernelController". [] []
[2014-06-02 21:30:25] event.DEBUG: Notified event "kernel.controller" to listener "Sensio\Bundle\FrameworkExtraBundle\EventListener\TemplateListener::onKernelController". [] []
[2014-06-02 21:30:25] event.DEBUG: Notified event "kernel.controller" to listener "Symfony\Component\HttpKernel\DataCollector\RequestDataCollector::onKernelController". [] []
[2014-06-02 21:30:27] event.DEBUG: Notified event "kernel.response" to listener "Sensio\Bundle\FrameworkExtraBundle\EventListener\CacheListener::onKernelResponse". [] []
[2014-06-02 21:30:27] event.DEBUG: Notified event "kernel.response" to listener "Symfony\Component\HttpKernel\EventListener\ResponseListener::onKernelResponse". [] []
[2014-06-02 21:30:27] event.DEBUG: Notified event "kernel.response" to listener "Symfony\Component\HttpKernel\EventListener\LocaleListener::onKernelResponse". [] []
[2014-06-02 21:30:27] event.DEBUG: Notified event "kernel.response" to listener "Symfony\Component\HttpKernel\Fragment\FragmentHandler::onKernelResponse". [] []
[2014-06-02 21:30:27] event.DEBUG: Notified event "kernel.response" to listener "Symfony\Component\Security\Http\RememberMe\ResponseListener::onKernelResponse". [] []
[2014-06-02 21:30:27] event.DEBUG: Notified event "kernel.response" to listener "Symfony\Component\HttpKernel\EventListener\ProfilerListener::onKernelResponse". [] []
[2014-06-02 21:30:27] event.DEBUG: Notified event "kernel.response" to listener "Symfony\Component\HttpKernel\EventListener\StreamedResponseListener::onKernelResponse". [] []
[2014-06-02 21:30:27] event.DEBUG: Listener "Symfony\Component\HttpKernel\EventListener\ExceptionListener::onKernelException" stopped propagation of the event "kernel.exception". [] []
[2014-06-02 21:30:27] event.DEBUG: Notified event "kernel.response" to listener "Sensio\Bundle\FrameworkExtraBundle\EventListener\CacheListener::onKernelResponse". [] []
[2014-06-02 21:30:27] event.DEBUG: Notified event "kernel.response" to listener "Symfony\Component\HttpKernel\EventListener\ResponseListener::onKernelResponse". [] []
[2014-06-02 21:30:27] event.DEBUG: Notified event "kernel.response" to listener "Symfony\Component\HttpKernel\EventListener\LocaleListener::onKernelResponse". [] []
[2014-06-02 21:30:27] event.DEBUG: Notified event "kernel.response" to listener "Symfony\Component\HttpKernel\Fragment\FragmentHandler::onKernelResponse". [] []
[2014-06-02 21:30:27] event.DEBUG: Notified event "kernel.response" to listener "Symfony\Component\Security\Http\RememberMe\ResponseListener::onKernelResponse". [] []
[2014-06-02 21:30:27] event.DEBUG: Notified event "kernel.response" to listener "Symfony\Component\HttpKernel\EventListener\ProfilerListener::onKernelResponse". [] []
[2014-06-02 21:30:27] event.DEBUG: Notified event "kernel.response" to listener "Symfony\Component\HttpKernel\EventListener\StreamedResponseListener::onKernelResponse". [] []
[2014-06-02 21:30:27] event.DEBUG: Notified event "kernel.terminate" to listener "Symfony\Bundle\SwiftmailerBundle\EventListener\EmailSenderListener::onKernelTerminate". [] []
